[2019-09-15 09:11] SQL错误：Cannot add or update a child row: a foreign key constraint fails (`food`.`pre_coupon_record`, CONSTRAINT `foreign_coupon_userid` FOREIGN KEY (`userid`) REFERENCES `pre_user` (`id`) ON DELETE CASCADE ON UPDATE NO ACTION)
[2019-09-15 09:11] SQL错误：Cannot add or update a child row: a foreign key constraint fails (`food`.`pre_coupon_record`, CONSTRAINT `foreign_coupon_userid` FOREIGN KEY (`userid`) REFERENCES `pre_user` (`id`) ON DELETE CASCADE ON UPDATE NO ACTION)
[2019-09-15 13:11] SQL错误：You have an error in your SQL syntax; check the manual that corresponds to your MySQL server version for the right syntax to use near 'where id = 1' at line 1
[2019-09-15 13:19] SQL错误：You have an error in your SQL syntax; check the manual that corresponds to your MySQL server version for the right syntax to use near 'where id =' at line 1
[2019-09-15 13:22] SQL错误：You have an error in your SQL syntax; check the manual that corresponds to your MySQL server version for the right syntax to use near '' at line 1
[2019-09-15 20:17] SQL错误：You have an error in your SQL syntax; check the manual that corresponds to your MySQL server version for the right syntax to use near '' at line 1
[2019-09-15 20:18] SQL错误：You have an error in your SQL syntax; check the manual that corresponds to your MySQL server version for the right syntax to use near '' at line 1
[2019-09-15 20:18] SQL错误：Unknown column '569BEFHIJNdghkm' in 'where clause'
[2019-09-15 20:27] SQL错误：Unknown column 'coupon.money' in 'field list'
[2019-09-15 20:27] SQL错误：Unknown column 'coupon.money' in 'field list'
[2019-09-15 20:28] SQL错误：Unknown column 'coupon.money' in 'field list'
[2019-09-15 20:28] SQL错误：Unknown column 'coupon.money' in 'field list'
[2019-09-15 20:28] SQL错误：Unknown column 'coupon.money' in 'field list'
[2019-09-15 20:28] SQL错误：Unknown column 'coupon.money' in 'field list'
[2019-09-15 20:28] SQL错误：Unknown column 'coupon.money' in 'field list'
[2019-09-15 20:29] SQL错误：Unknown column 'coupon.money' in 'field list'
[2019-09-15 20:29] SQL错误：Unknown column 'coupon.money' in 'field list'
[2019-09-15 20:30] SQL错误：Unknown column 'coupon.money' in 'field list'
[2019-09-16 15:21] SQL错误：You have an error in your SQL syntax; check the manual that corresponds to your MySQL server version for the right syntax to use near 'WHERE userid = 1' at line 1
[2019-09-16 16:09] SQL错误：Column 'createtime' in field list is ambiguous
[2019-09-16 16:20] SQL错误：Unknown column 'status' in 'field list'
[2019-09-17 15:20] SQL错误：Cannot add or update a child row: a foreign key constraint fails (`food`.`pre_socket`, CONSTRAINT `foreign_socket_userid` FOREIGN KEY (`userid`) REFERENCES `pre_user` (`id`) ON DELETE CASCADE ON UPDATE NO ACTION)
[2019-09-17 15:22] SQL错误：Cannot add or update a child row: a foreign key constraint fails (`food`.`pre_socket`, CONSTRAINT `foreign_socket_userid` FOREIGN KEY (`userid`) REFERENCES `pre_user` (`id`) ON DELETE CASCADE ON UPDATE NO ACTION)
[2019-09-17 16:34] SQL错误：You have an error in your SQL syntax; check the manual that corresponds to your MySQL server version for the right syntax to use near '-5,5' at line 1
[2019-09-17 16:52] SQL错误：Unknown column 'price' in 'field list'
